Terminals unused in grammar

   ERROR
   FNCALL_READ
   FNCALL_FREAD
   FNCALL_WRITE


狀態 236 衝突：1 項偏移/縮減


文法

    0 $accept: program $end

    1 program: global_decl_list

    2 global_decl_list: global_decl_list global_decl
    3                 | /* 空白 */

    4 global_decl: decl_list function_decl
    5            | function_decl

    6 function_decl: type ID MK_LPAREN param_list MK_RPAREN MK_LBRACE block MK_RBRACE
    7              | struct_type ID MK_LPAREN param_list MK_RPAREN MK_LBRACE block MK_RBRACE
    8              | VOID ID MK_LPAREN param_list MK_RPAREN MK_LBRACE block MK_RBRACE
    9              | type ID MK_LPAREN MK_RPAREN MK_LBRACE block MK_RBRACE
   10              | struct_type ID MK_LPAREN MK_RPAREN MK_LBRACE block MK_RBRACE
   11              | VOID ID MK_LPAREN MK_RPAREN MK_LBRACE block MK_RBRACE

   12 param_list: param_list MK_COMMA param
   13           | param

   14 param: type ID
   15      | struct_type ID
   16      | type ID dim_fn
   17      | struct_type ID dim_fn

   18 dim_fn: MK_LB expr_null MK_RB dimfn1

   19 dimfn1: MK_LB expr MK_RB dimfn1
   20       | /* 空白 */

   21 expr_null: expr
   22          | /* 空白 */

   23 block: decl_list stmt_list
   24      | stmt_list
   25      | decl_list
   26      | /* 空白 */

   27 decl_list: decl_list decl
   28          | decl

   29 decl: type_decl
   30     | var_decl

   31 type_decl: TYPEDEF type id_list MK_SEMICOLON
   32          | TYPEDEF VOID id_list MK_SEMICOLON
   33          | TYPEDEF struct_type id_list MK_SEMICOLON
   34          | struct_decl MK_SEMICOLON
   35          | TYPEDEF anonymous_struct id_list MK_SEMICOLON

   36 var_decl: type init_id_list MK_SEMICOLON
   37         | struct_type id_list MK_SEMICOLON
   38         | struct_decl id_list MK_SEMICOLON
   39         | anonymous_struct id_list MK_SEMICOLON
   40         | ID id_list MK_SEMICOLON

   41 type: INT
   42     | FLOAT

   43 struct_type: STRUCT ID

   44 struct_decl: STRUCT ID MK_LBRACE decl_list MK_RBRACE

   45 anonymous_struct: STRUCT MK_LBRACE decl_list MK_RBRACE

   46 id_list: ID
   47        | id_list MK_COMMA ID
   48        | id_list MK_COMMA ID dim_decl
   49        | ID dim_decl

   50 dim_decl: MK_LB cexpr MK_RB
   51         | dim_decl MK_LB cexpr MK_RB

   52 cexpr: cexpr add_op mcexpr
   53      | mcexpr

   54 mcexpr: mcexpr mul_op cfactor
   55       | cfactor

   56 cfactor: CONST
   57        | MK_LPAREN cexpr MK_RPAREN

   58 init_id_list: init_id
   59             | init_id_list MK_COMMA init_id

   60 init_id: ID
   61        | ID dim_decl
   62        | ID OP_ASSIGN relop_expr

   63 stmt_list: stmt_list stmt
   64          | stmt

   65 stmt: MK_LBRACE block MK_RBRACE
   66     | WHILE MK_LPAREN relop_expr_list MK_RPAREN stmt
   67     | FOR MK_LPAREN assign_expr_list MK_SEMICOLON relop_expr_list MK_SEMICOLON assign_expr_list MK_RPAREN stmt
   68     | var_ref OP_ASSIGN relop_expr MK_SEMICOLON
   69     | relop_expr MK_SEMICOLON
   70     | IF MK_LPAREN relop_expr_list MK_RPAREN stmt
   71     | IF MK_LPAREN relop_expr_list MK_RPAREN stmt ELSE stmt
   72     | MK_SEMICOLON
   73     | RETURN MK_SEMICOLON
   74     | RETURN relop_expr MK_SEMICOLON

   75 assign_expr_list: nonempty_assign_expr_list
   76                 | /* 空白 */

   77 nonempty_assign_expr_list: nonempty_assign_expr_list MK_COMMA assign_expr
   78                          | assign_expr

   79 assign_expr: ID OP_ASSIGN relop_expr
   80            | relop_expr

   81 relop_expr: relop_term
   82           | relop_expr OP_OR relop_term

   83 relop_term: relop_factor
   84           | relop_term OP_AND relop_factor

   85 relop_factor: expr
   86             | expr rel_op expr

   87 rel_op: OP_EQ
   88       | OP_GE
   89       | OP_LE
   90       | OP_NE
   91       | OP_GT
   92       | OP_LT

   93 relop_expr_list: nonempty_relop_expr_list
   94                | /* 空白 */

   95 nonempty_relop_expr_list: nonempty_relop_expr_list MK_COMMA relop_expr
   96                         | relop_expr

   97 expr: expr add_op term
   98     | term

   99 add_op: OP_PLUS
  100       | OP_MINUS

  101 term: term mul_op factor
  102     | factor

  103 mul_op: OP_TIMES
  104       | OP_DIVIDE

  105 factor: MK_LPAREN relop_expr MK_RPAREN
  106       | OP_MINUS MK_LPAREN relop_expr MK_RPAREN
  107       | OP_NOT MK_LPAREN relop_expr MK_RPAREN
  108       | CONST
  109       | OP_MINUS CONST
  110       | OP_NOT CONST
  111       | ID MK_LPAREN relop_expr_list MK_RPAREN
  112       | OP_MINUS ID MK_LPAREN relop_expr_list MK_RPAREN
  113       | OP_NOT ID MK_LPAREN relop_expr_list MK_RPAREN
  114       | var_ref
  115       | OP_MINUS var_ref
  116       | OP_NOT var_ref

  117 var_ref: ID
  118        | var_ref dim
  119        | var_ref struct_tail

  120 dim: MK_LB expr MK_RB

  121 struct_tail: MK_DOT ID


終結語詞，附有它們出現處的規則

$end (0) 0
error (256)
ID (258) 6 7 8 9 10 11 14 15 16 17 40 43 44 46 47 48 49 60 61 62 79
    111 112 113 117 121
CONST (259) 56 108 109 110
VOID (260) 8 11 32
INT (261) 41
FLOAT (262) 42
IF (263) 70 71
ELSE (264) 71
WHILE (265) 66
FOR (266) 67
STRUCT (267) 43 44 45
TYPEDEF (268) 31 32 33 35
OP_ASSIGN (269) 62 68 79
OP_OR (270) 82
OP_AND (271) 84
OP_NOT (272) 107 110 113 116
OP_EQ (273) 87
OP_NE (274) 90
OP_GT (275) 91
OP_LT (276) 92
OP_GE (277) 88
OP_LE (278) 89
OP_PLUS (279) 99
OP_MINUS (280) 100 106 109 112 115
OP_TIMES (281) 103
OP_DIVIDE (282) 104
MK_LB (283) 18 19 50 51 120
MK_RB (284) 18 19 50 51 120
MK_LPAREN (285) 6 7 8 9 10 11 57 66 67 70 71 105 106 107 111 112 113
MK_RPAREN (286) 6 7 8 9 10 11 57 66 67 70 71 105 106 107 111 112 113
MK_LBRACE (287) 6 7 8 9 10 11 44 45 65
MK_RBRACE (288) 6 7 8 9 10 11 44 45 65
MK_COMMA (289) 12 47 48 59 77 95
MK_SEMICOLON (290) 31 32 33 34 35 36 37 38 39 40 67 68 69 72 73 74
MK_DOT (291) 121
ERROR (292)
RETURN (293) 73 74
FNCALL_READ (294)
FNCALL_FREAD (295)
FNCALL_WRITE (296)


非終結語詞，附有它們出現處的規則

$accept (42)
   於左側： 0
program (43)
   於左側： 1,於右側： 0
global_decl_list (44)
   於左側： 2 3,於右側： 1 2
global_decl (45)
   於左側： 4 5,於右側： 2
function_decl (46)
   於左側： 6 7 8 9 10 11,於右側： 4 5
param_list (47)
   於左側： 12 13,於右側： 6 7 8 12
param (48)
   於左側： 14 15 16 17,於右側： 12 13
dim_fn (49)
   於左側： 18,於右側： 16 17
dimfn1 (50)
   於左側： 19 20,於右側： 18 19
expr_null (51)
   於左側： 21 22,於右側： 18
block (52)
   於左側： 23 24 25 26,於右側： 6 7 8 9 10 11 65
decl_list (53)
   於左側： 27 28,於右側： 4 23 25 27 44 45
decl (54)
   於左側： 29 30,於右側： 27 28
type_decl (55)
   於左側： 31 32 33 34 35,於右側： 29
var_decl (56)
   於左側： 36 37 38 39 40,於右側： 30
type (57)
   於左側： 41 42,於右側： 6 9 14 16 31 36
struct_type (58)
   於左側： 43,於右側： 7 10 15 17 33 37
struct_decl (59)
   於左側： 44,於右側： 34 38
anonymous_struct (60)
   於左側： 45,於右側： 35 39
id_list (61)
   於左側： 46 47 48 49,於右側： 31 32 33 35 37 38 39 40 47
    48
dim_decl (62)
   於左側： 50 51,於右側： 48 49 51 61
cexpr (63)
   於左側： 52 53,於右側： 50 51 52 57
mcexpr (64)
   於左側： 54 55,於右側： 52 53 54
cfactor (65)
   於左側： 56 57,於右側： 54 55
init_id_list (66)
   於左側： 58 59,於右側： 36 59
init_id (67)
   於左側： 60 61 62,於右側： 58 59
stmt_list (68)
   於左側： 63 64,於右側： 23 24 63
stmt (69)
   於左側： 65 66 67 68 69 70 71 72 73 74,於右側： 63 64 66
    67 70 71
assign_expr_list (70)
   於左側： 75 76,於右側： 67
nonempty_assign_expr_list (71)
   於左側： 77 78,於右側： 75 77
assign_expr (72)
   於左側： 79 80,於右側： 77 78
relop_expr (73)
   於左側： 81 82,於右側： 62 68 69 74 79 80 82 95 96 105 106
    107
relop_term (74)
   於左側： 83 84,於右側： 81 82 84
relop_factor (75)
   於左側： 85 86,於右側： 83 84
rel_op (76)
   於左側： 87 88 89 90 91 92,於右側： 86
relop_expr_list (77)
   於左側： 93 94,於右側： 66 67 70 71 111 112 113
nonempty_relop_expr_list (78)
   於左側： 95 96,於右側： 93 95
expr (79)
   於左側： 97 98,於右側： 19 21 85 86 97 120
add_op (80)
   於左側： 99 100,於右側： 52 97
term (81)
   於左側： 101 102,於右側： 97 98 101
mul_op (82)
   於左側： 103 104,於右側： 54 101
factor (83)
   於左側： 105 106 107 108 109 110 111 112 113 114 115 116,於右側：
    101 102
var_ref (84)
   於左側： 117 118 119,於右側： 68 114 115 116 118 119
dim (85)
   於左側： 120,於右側： 118
struct_tail (86)
   於左側： 121,於右側： 119


狀態 0

    0 $accept: . program $end

    $預設  使用規則 3 以縮減 (global_decl_list)

    program           進入狀態 1
    global_decl_list  進入狀態 2


狀態 1

    0 $accept: program . $end

    $end  偏移，並進入狀態 3


狀態 2

    1 program: global_decl_list .
    2 global_decl_list: global_decl_list . global_decl

    ID       偏移，並進入狀態 4
    VOID     偏移，並進入狀態 5
    INT      偏移，並進入狀態 6
    FLOAT    偏移，並進入狀態 7
    STRUCT   偏移，並進入狀態 8
    TYPEDEF  偏移，並進入狀態 9

    $預設  使用規則 1 以縮減 (program)

    global_decl       進入狀態 10
    function_decl     進入狀態 11
    decl_list         進入狀態 12
    decl              進入狀態 13
    type_decl         進入狀態 14
    var_decl          進入狀態 15
    type              進入狀態 16
    struct_type       進入狀態 17
    struct_decl       進入狀態 18
    anonymous_struct  進入狀態 19


狀態 3

    0 $accept: program $end .

    $預設  接受


狀態 4

   40 var_decl: ID . id_list MK_SEMICOLON

    ID  偏移，並進入狀態 20

    id_list  進入狀態 21


狀態 5

    8 function_decl: VOID . ID MK_LPAREN param_list MK_RPAREN MK_LBRACE block MK_RBRACE
   11              | VOID . ID MK_LPAREN MK_RPAREN MK_LBRACE block MK_RBRACE

    ID  偏移，並進入狀態 22


狀態 6

   41 type: INT .

    $預設  使用規則 41 以縮減 (type)


狀態 7

   42 type: FLOAT .

    $預設  使用規則 42 以縮減 (type)


狀態 8

   43 struct_type: STRUCT . ID
   44 struct_decl: STRUCT . ID MK_LBRACE decl_list MK_RBRACE
   45 anonymous_struct: STRUCT . MK_LBRACE decl_list MK_RBRACE

    ID         偏移，並進入狀態 23
    MK_LBRACE  偏移，並進入狀態 24


狀態 9

   31 type_decl: TYPEDEF . type id_list MK_SEMICOLON
   32          | TYPEDEF . VOID id_list MK_SEMICOLON
   33          | TYPEDEF . struct_type id_list MK_SEMICOLON
   35          | TYPEDEF . anonymous_struct id_list MK_SEMICOLON

    VOID    偏移，並進入狀態 25
    INT     偏移，並進入狀態 6
    FLOAT   偏移，並進入狀態 7
    STRUCT  偏移，並進入狀態 26

    type              進入狀態 27
    struct_type       進入狀態 28
    anonymous_struct  進入狀態 29


狀態 10

    2 global_decl_list: global_decl_list global_decl .

    $預設  使用規則 2 以縮減 (global_decl_list)


狀態 11

    5 global_decl: function_decl .

    $預設  使用規則 5 以縮減 (global_decl)


狀態 12

    4 global_decl: decl_list . function_decl
   27 decl_list: decl_list . decl

    ID       偏移，並進入狀態 4
    VOID     偏移，並進入狀態 5
    INT      偏移，並進入狀態 6
    FLOAT    偏移，並進入狀態 7
    STRUCT   偏移，並進入狀態 8
    TYPEDEF  偏移，並進入狀態 9

    function_decl     進入狀態 30
    decl              進入狀態 31
    type_decl         進入狀態 14
    var_decl          進入狀態 15
    type              進入狀態 16
    struct_type       進入狀態 17
    struct_decl       進入狀態 18
    anonymous_struct  進入狀態 19


狀態 13

   28 decl_list: decl .

    $預設  使用規則 28 以縮減 (decl_list)


狀態 14

   29 decl: type_decl .

    $預設  使用規則 29 以縮減 (decl)


狀態 15

   30 decl: var_decl .

    $預設  使用規則 30 以縮減 (decl)


狀態 16

    6 function_decl: type . ID MK_LPAREN param_list MK_RPAREN MK_LBRACE block MK_RBRACE
    9              | type . ID MK_LPAREN MK_RPAREN MK_LBRACE block MK_RBRACE
   36 var_decl: type . init_id_list MK_SEMICOLON

    ID  偏移，並進入狀態 32

    init_id_list  進入狀態 33
    init_id       進入狀態 34


狀態 17

    7 function_decl: struct_type . ID MK_LPAREN param_list MK_RPAREN MK_LBRACE block MK_RBRACE
   10              | struct_type . ID MK_LPAREN MK_RPAREN MK_LBRACE block MK_RBRACE
   37 var_decl: struct_type . id_list MK_SEMICOLON

    ID  偏移，並進入狀態 35

    id_list  進入狀態 36


狀態 18

   34 type_decl: struct_decl . MK_SEMICOLON
   38 var_decl: struct_decl . id_list MK_SEMICOLON

    ID            偏移，並進入狀態 20
    MK_SEMICOLON  偏移，並進入狀態 37

    id_list  進入狀態 38


狀態 19

   39 var_decl: anonymous_struct . id_list MK_SEMICOLON

    ID  偏移，並進入狀態 20

    id_list  進入狀態 39


狀態 20

   46 id_list: ID .
   49        | ID . dim_decl

    MK_LB  偏移，並進入狀態 40

    $預設  使用規則 46 以縮減 (id_list)

    dim_decl  進入狀態 41


狀態 21

   40 var_decl: ID id_list . MK_SEMICOLON
   47 id_list: id_list . MK_COMMA ID
   48        | id_list . MK_COMMA ID dim_decl

    MK_COMMA      偏移，並進入狀態 42
    MK_SEMICOLON  偏移，並進入狀態 43


狀態 22

    8 function_decl: VOID ID . MK_LPAREN param_list MK_RPAREN MK_LBRACE block MK_RBRACE
   11              | VOID ID . MK_LPAREN MK_RPAREN MK_LBRACE block MK_RBRACE

    MK_LPAREN  偏移，並進入狀態 44


狀態 23

   43 struct_type: STRUCT ID .
   44 struct_decl: STRUCT ID . MK_LBRACE decl_list MK_RBRACE

    MK_LBRACE  偏移，並進入狀態 45

    $預設  使用規則 43 以縮減 (struct_type)


狀態 24

   45 anonymous_struct: STRUCT MK_LBRACE . decl_list MK_RBRACE

    ID       偏移，並進入狀態 4
    INT      偏移，並進入狀態 6
    FLOAT    偏移，並進入狀態 7
    STRUCT   偏移，並進入狀態 8
    TYPEDEF  偏移，並進入狀態 9

    decl_list         進入狀態 46
    decl              進入狀態 13
    type_decl         進入狀態 14
    var_decl          進入狀態 15
    type              進入狀態 47
    struct_type       進入狀態 48
    struct_decl       進入狀態 18
    anonymous_struct  進入狀態 19


狀態 25

   32 type_decl: TYPEDEF VOID . id_list MK_SEMICOLON

    ID  偏移，並進入狀態 20

    id_list  進入狀態 49


狀態 26

   43 struct_type: STRUCT . ID
   45 anonymous_struct: STRUCT . MK_LBRACE decl_list MK_RBRACE

    ID         偏移，並進入狀態 50
    MK_LBRACE  偏移，並進入狀態 24


狀態 27

   31 type_decl: TYPEDEF type . id_list MK_SEMICOLON

    ID  偏移，並進入狀態 20

    id_list  進入狀態 51


狀態 28

   33 type_decl: TYPEDEF struct_type . id_list MK_SEMICOLON

    ID  偏移，並進入狀態 20

    id_list  進入狀態 52


狀態 29

   35 type_decl: TYPEDEF anonymous_struct . id_list MK_SEMICOLON

    ID  偏移，並進入狀態 20

    id_list  進入狀態 53


狀態 30

    4 global_decl: decl_list function_decl .

    $預設  使用規則 4 以縮減 (global_decl)


狀態 31

   27 decl_list: decl_list decl .

    $預設  使用規則 27 以縮減 (decl_list)


狀態 32

    6 function_decl: type ID . MK_LPAREN param_list MK_RPAREN MK_LBRACE block MK_RBRACE
    9              | type ID . MK_LPAREN MK_RPAREN MK_LBRACE block MK_RBRACE
   60 init_id: ID .
   61        | ID . dim_decl
   62        | ID . OP_ASSIGN relop_expr

    OP_ASSIGN  偏移，並進入狀態 54
    MK_LB      偏移，並進入狀態 40
    MK_LPAREN  偏移，並進入狀態 55

    $預設  使用規則 60 以縮減 (init_id)

    dim_decl  進入狀態 56


狀態 33

   36 var_decl: type init_id_list . MK_SEMICOLON
   59 init_id_list: init_id_list . MK_COMMA init_id

    MK_COMMA      偏移，並進入狀態 57
    MK_SEMICOLON  偏移，並進入狀態 58


狀態 34

   58 init_id_list: init_id .

    $預設  使用規則 58 以縮減 (init_id_list)


狀態 35

    7 function_decl: struct_type ID . MK_LPAREN param_list MK_RPAREN MK_LBRACE block MK_RBRACE
   10              | struct_type ID . MK_LPAREN MK_RPAREN MK_LBRACE block MK_RBRACE
   46 id_list: ID .
   49        | ID . dim_decl

    MK_LB      偏移，並進入狀態 40
    MK_LPAREN  偏移，並進入狀態 59

    $預設  使用規則 46 以縮減 (id_list)

    dim_decl  進入狀態 41


狀態 36

   37 var_decl: struct_type id_list . MK_SEMICOLON
   47 id_list: id_list . MK_COMMA ID
   48        | id_list . MK_COMMA ID dim_decl

    MK_COMMA      偏移，並進入狀態 42
    MK_SEMICOLON  偏移，並進入狀態 60


狀態 37

   34 type_decl: struct_decl MK_SEMICOLON .

    $預設  使用規則 34 以縮減 (type_decl)


狀態 38

   38 var_decl: struct_decl id_list . MK_SEMICOLON
   47 id_list: id_list . MK_COMMA ID
   48        | id_list . MK_COMMA ID dim_decl

    MK_COMMA      偏移，並進入狀態 42
    MK_SEMICOLON  偏移，並進入狀態 61


狀態 39

   39 var_decl: anonymous_struct id_list . MK_SEMICOLON
   47 id_list: id_list . MK_COMMA ID
   48        | id_list . MK_COMMA ID dim_decl

    MK_COMMA      偏移，並進入狀態 42
    MK_SEMICOLON  偏移，並進入狀態 62


狀態 40

   50 dim_decl: MK_LB . cexpr MK_RB

    CONST      偏移，並進入狀態 63
    MK_LPAREN  偏移，並進入狀態 64

    cexpr    進入狀態 65
    mcexpr   進入狀態 66
    cfactor  進入狀態 67


狀態 41

   49 id_list: ID dim_decl .
   51 dim_decl: dim_decl . MK_LB cexpr MK_RB

    MK_LB  偏移，並進入狀態 68

    $預設  使用規則 49 以縮減 (id_list)


狀態 42

   47 id_list: id_list MK_COMMA . ID
   48        | id_list MK_COMMA . ID dim_decl

    ID  偏移，並進入狀態 69


狀態 43

   40 var_decl: ID id_list MK_SEMICOLON .

    $預設  使用規則 40 以縮減 (var_decl)


狀態 44

    8 function_decl: VOID ID MK_LPAREN . param_list MK_RPAREN MK_LBRACE block MK_RBRACE
   11              | VOID ID MK_LPAREN . MK_RPAREN MK_LBRACE block MK_RBRACE

    INT        偏移，並進入狀態 6
    FLOAT      偏移，並進入狀態 7
    STRUCT     偏移，並進入狀態 70
    MK_RPAREN  偏移，並進入狀態 71

    param_list   進入狀態 72
    param        進入狀態 73
    type         進入狀態 74
    struct_type  進入狀態 75


狀態 45

   44 struct_decl: STRUCT ID MK_LBRACE . decl_list MK_RBRACE

    ID       偏移，並進入狀態 4
    INT      偏移，並進入狀態 6
    FLOAT    偏移，並進入狀態 7
    STRUCT   偏移，並進入狀態 8
    TYPEDEF  偏移，並進入狀態 9

    decl_list         進入狀態 76
    decl              進入狀態 13
    type_decl         進入狀態 14
    var_decl          進入狀態 15
    type              進入狀態 47
    struct_type       進入狀態 48
    struct_decl       進入狀態 18
    anonymous_struct  進入狀態 19


狀態 46

   27 decl_list: decl_list . decl
   45 anonymous_struct: STRUCT MK_LBRACE decl_list . MK_RBRACE

    ID         偏移，並進入狀態 4
    INT        偏移，並進入狀態 6
    FLOAT      偏移，並進入狀態 7
    STRUCT     偏移，並進入狀態 8
    TYPEDEF    偏移，並進入狀態 9
    MK_RBRACE  偏移，並進入狀態 77

    decl              進入狀態 31
    type_decl         進入狀態 14
    var_decl          進入狀態 15
    type              進入狀態 47
    struct_type       進入狀態 48
    struct_decl       進入狀態 18
    anonymous_struct  進入狀態 19


狀態 47

   36 var_decl: type . init_id_list MK_SEMICOLON

    ID  偏移，並進入狀態 78

    init_id_list  進入狀態 33
    init_id       進入狀態 34


狀態 48

   37 var_decl: struct_type . id_list MK_SEMICOLON

    ID  偏移，並進入狀態 20

    id_list  進入狀態 36


狀態 49

   32 type_decl: TYPEDEF VOID id_list . MK_SEMICOLON
   47 id_list: id_list . MK_COMMA ID
   48        | id_list . MK_COMMA ID dim_decl

    MK_COMMA      偏移，並進入狀態 42
    MK_SEMICOLON  偏移，並進入狀態 79


狀態 50

   43 struct_type: STRUCT ID .

    $預設  使用規則 43 以縮減 (struct_type)


狀態 51

   31 type_decl: TYPEDEF type id_list . MK_SEMICOLON
   47 id_list: id_list . MK_COMMA ID
   48        | id_list . MK_COMMA ID dim_decl

    MK_COMMA      偏移，並進入狀態 42
    MK_SEMICOLON  偏移，並進入狀態 80


狀態 52

   33 type_decl: TYPEDEF struct_type id_list . MK_SEMICOLON
   47 id_list: id_list . MK_COMMA ID
   48        | id_list . MK_COMMA ID dim_decl

    MK_COMMA      偏移，並進入狀態 42
    MK_SEMICOLON  偏移，並進入狀態 81


狀態 53

   35 type_decl: TYPEDEF anonymous_struct id_list . MK_SEMICOLON
   47 id_list: id_list . MK_COMMA ID
   48        | id_list . MK_COMMA ID dim_decl

    MK_COMMA      偏移，並進入狀態 42
    MK_SEMICOLON  偏移，並進入狀態 82


狀態 54

   62 init_id: ID OP_ASSIGN . relop_expr

    ID         偏移，並進入狀態 83
    CONST      偏移，並進入狀態 84
    OP_NOT     偏移，並進入狀態 85
    OP_MINUS   偏移，並進入狀態 86
    MK_LPAREN  偏移，並進入狀態 87

    relop_expr    進入狀態 88
    relop_term    進入狀態 89
    relop_factor  進入狀態 90
    expr          進入狀態 91
    term          進入狀態 92
    factor        進入狀態 93
    var_ref       進入狀態 94


狀態 55

    6 function_decl: type ID MK_LPAREN . param_list MK_RPAREN MK_LBRACE block MK_RBRACE
    9              | type ID MK_LPAREN . MK_RPAREN MK_LBRACE block MK_RBRACE

    INT        偏移，並進入狀態 6
    FLOAT      偏移，並進入狀態 7
    STRUCT     偏移，並進入狀態 70
    MK_RPAREN  偏移，並進入狀態 95

    param_list   進入狀態 96
    param        進入狀態 73
    type         進入狀態 74
    struct_type  進入狀態 75


狀態 56

   51 dim_decl: dim_decl . MK_LB cexpr MK_RB
   61 init_id: ID dim_decl .

    MK_LB  偏移，並進入狀態 68

    $預設  使用規則 61 以縮減 (init_id)


狀態 57

   59 init_id_list: init_id_list MK_COMMA . init_id

    ID  偏移，並進入狀態 78

    init_id  進入狀態 97


狀態 58

   36 var_decl: type init_id_list MK_SEMICOLON .

    $預設  使用規則 36 以縮減 (var_decl)


狀態 59

    7 function_decl: struct_type ID MK_LPAREN . param_list MK_RPAREN MK_LBRACE block MK_RBRACE
   10              | struct_type ID MK_LPAREN . MK_RPAREN MK_LBRACE block MK_RBRACE

    INT        偏移，並進入狀態 6
    FLOAT      偏移，並進入狀態 7
    STRUCT     偏移，並進入狀態 70
    MK_RPAREN  偏移，並進入狀態 98

    param_list   進入狀態 99
    param        進入狀態 73
    type         進入狀態 74
    struct_type  進入狀態 75


狀態 60

   37 var_decl: struct_type id_list MK_SEMICOLON .

    $預設  使用規則 37 以縮減 (var_decl)


狀態 61

   38 var_decl: struct_decl id_list MK_SEMICOLON .

    $預設  使用規則 38 以縮減 (var_decl)


狀態 62

   39 var_decl: anonymous_struct id_list MK_SEMICOLON .

    $預設  使用規則 39 以縮減 (var_decl)


狀態 63

   56 cfactor: CONST .

    $預設  使用規則 56 以縮減 (cfactor)


狀態 64

   57 cfactor: MK_LPAREN . cexpr MK_RPAREN

    CONST      偏移，並進入狀態 63
    MK_LPAREN  偏移，並進入狀態 64

    cexpr    進入狀態 100
    mcexpr   進入狀態 66
    cfactor  進入狀態 67


狀態 65

   50 dim_decl: MK_LB cexpr . MK_RB
   52 cexpr: cexpr . add_op mcexpr

    OP_PLUS   偏移，並進入狀態 101
    OP_MINUS  偏移，並進入狀態 102
    MK_RB     偏移，並進入狀態 103

    add_op  進入狀態 104


狀態 66

   53 cexpr: mcexpr .
   54 mcexpr: mcexpr . mul_op cfactor

    OP_TIMES   偏移，並進入狀態 105
    OP_DIVIDE  偏移，並進入狀態 106

    $預設  使用規則 53 以縮減 (cexpr)

    mul_op  進入狀態 107


狀態 67

   55 mcexpr: cfactor .

    $預設  使用規則 55 以縮減 (mcexpr)


狀態 68

   51 dim_decl: dim_decl MK_LB . cexpr MK_RB

    CONST      偏移，並進入狀態 63
    MK_LPAREN  偏移，並進入狀態 64

    cexpr    進入狀態 108
    mcexpr   進入狀態 66
    cfactor  進入狀態 67


狀態 69

   47 id_list: id_list MK_COMMA ID .
   48        | id_list MK_COMMA ID . dim_decl

    MK_LB  偏移，並進入狀態 40

    $預設  使用規則 47 以縮減 (id_list)

    dim_decl  進入狀態 109


狀態 70

   43 struct_type: STRUCT . ID

    ID  偏移，並進入狀態 50


狀態 71

   11 function_decl: VOID ID MK_LPAREN MK_RPAREN . MK_LBRACE block MK_RBRACE

    MK_LBRACE  偏移，並進入狀態 110


狀態 72

    8 function_decl: VOID ID MK_LPAREN param_list . MK_RPAREN MK_LBRACE block MK_RBRACE
   12 param_list: param_list . MK_COMMA param

    MK_RPAREN  偏移，並進入狀態 111
    MK_COMMA   偏移，並進入狀態 112


狀態 73

   13 param_list: param .

    $預設  使用規則 13 以縮減 (param_list)


狀態 74

   14 param: type . ID
   16      | type . ID dim_fn

    ID  偏移，並進入狀態 113


狀態 75

   15 param: struct_type . ID
   17      | struct_type . ID dim_fn

    ID  偏移，並進入狀態 114


狀態 76

   27 decl_list: decl_list . decl
   44 struct_decl: STRUCT ID MK_LBRACE decl_list . MK_RBRACE

    ID         偏移，並進入狀態 4
    INT        偏移，並進入狀態 6
    FLOAT      偏移，並進入狀態 7
    STRUCT     偏移，並進入狀態 8
    TYPEDEF    偏移，並進入狀態 9
    MK_RBRACE  偏移，並進入狀態 115

    decl              進入狀態 31
    type_decl         進入狀態 14
    var_decl          進入狀態 15
    type              進入狀態 47
    struct_type       進入狀態 48
    struct_decl       進入狀態 18
    anonymous_struct  進入狀態 19


狀態 77

   45 anonymous_struct: STRUCT MK_LBRACE decl_list MK_RBRACE .

    $預設  使用規則 45 以縮減 (anonymous_struct)


狀態 78

   60 init_id: ID .
   61        | ID . dim_decl
   62        | ID . OP_ASSIGN relop_expr

    OP_ASSIGN  偏移，並進入狀態 54
    MK_LB      偏移，並進入狀態 40

    $預設  使用規則 60 以縮減 (init_id)

    dim_decl  進入狀態 56


狀態 79

   32 type_decl: TYPEDEF VOID id_list MK_SEMICOLON .

    $預設  使用規則 32 以縮減 (type_decl)


狀態 80

   31 type_decl: TYPEDEF type id_list MK_SEMICOLON .

    $預設  使用規則 31 以縮減 (type_decl)


狀態 81

   33 type_decl: TYPEDEF struct_type id_list MK_SEMICOLON .

    $預設  使用規則 33 以縮減 (type_decl)


狀態 82

   35 type_decl: TYPEDEF anonymous_struct id_list MK_SEMICOLON .

    $預設  使用規則 35 以縮減 (type_decl)


狀態 83

  111 factor: ID . MK_LPAREN relop_expr_list MK_RPAREN
  117 var_ref: ID .

    MK_LPAREN  偏移，並進入狀態 116

    $預設  使用規則 117 以縮減 (var_ref)


狀態 84

  108 factor: CONST .

    $預設  使用規則 108 以縮減 (factor)


狀態 85

  107 factor: OP_NOT . MK_LPAREN relop_expr MK_RPAREN
  110       | OP_NOT . CONST
  113       | OP_NOT . ID MK_LPAREN relop_expr_list MK_RPAREN
  116       | OP_NOT . var_ref

    ID         偏移，並進入狀態 117
    CONST      偏移，並進入狀態 118
    MK_LPAREN  偏移，並進入狀態 119

    var_ref  進入狀態 120


狀態 86

  106 factor: OP_MINUS . MK_LPAREN relop_expr MK_RPAREN
  109       | OP_MINUS . CONST
  112       | OP_MINUS . ID MK_LPAREN relop_expr_list MK_RPAREN
  115       | OP_MINUS . var_ref

    ID         偏移，並進入狀態 121
    CONST      偏移，並進入狀態 122
    MK_LPAREN  偏移，並進入狀態 123

    var_ref  進入狀態 124


狀態 87

  105 factor: MK_LPAREN . relop_expr MK_RPAREN

    ID         偏移，並進入狀態 83
    CONST      偏移，並進入狀態 84
    OP_NOT     偏移，並進入狀態 85
    OP_MINUS   偏移，並進入狀態 86
    MK_LPAREN  偏移，並進入狀態 87

    relop_expr    進入狀態 125
    relop_term    進入狀態 89
    relop_factor  進入狀態 90
    expr          進入狀態 91
    term          進入狀態 92
    factor        進入狀態 93
    var_ref       進入狀態 94


狀態 88

   62 init_id: ID OP_ASSIGN relop_expr .
   82 relop_expr: relop_expr . OP_OR relop_term

    OP_OR  偏移，並進入狀態 126

    $預設  使用規則 62 以縮減 (init_id)


狀態 89

   81 relop_expr: relop_term .
   84 relop_term: relop_term . OP_AND relop_factor

    OP_AND  偏移，並進入狀態 127

    $預設  使用規則 81 以縮減 (relop_expr)


狀態 90

   83 relop_term: relop_factor .

    $預設  使用規則 83 以縮減 (relop_term)


狀態 91

   85 relop_factor: expr .
   86             | expr . rel_op expr
   97 expr: expr . add_op term

    OP_EQ     偏移，並進入狀態 128
    OP_NE     偏移，並進入狀態 129
    OP_GT     偏移，並進入狀態 130
    OP_LT     偏移，並進入狀態 131
    OP_GE     偏移，並進入狀態 132
    OP_LE     偏移，並進入狀態 133
    OP_PLUS   偏移，並進入狀態 101
    OP_MINUS  偏移，並進入狀態 102

    $預設  使用規則 85 以縮減 (relop_factor)

    rel_op  進入狀態 134
    add_op  進入狀態 135


狀態 92

   98 expr: term .
  101 term: term . mul_op factor

    OP_TIMES   偏移，並進入狀態 105
    OP_DIVIDE  偏移，並進入狀態 106

    $預設  使用規則 98 以縮減 (expr)

    mul_op  進入狀態 136


狀態 93

  102 term: factor .

    $預設  使用規則 102 以縮減 (term)


狀態 94

  114 factor: var_ref .
  118 var_ref: var_ref . dim
  119        | var_ref . struct_tail

    MK_LB   偏移，並進入狀態 137
    MK_DOT  偏移，並進入狀態 138

    $預設  使用規則 114 以縮減 (factor)

    dim          進入狀態 139
    struct_tail  進入狀態 140


狀態 95

    9 function_decl: type ID MK_LPAREN MK_RPAREN . MK_LBRACE block MK_RBRACE

    MK_LBRACE  偏移，並進入狀態 141


狀態 96

    6 function_decl: type ID MK_LPAREN param_list . MK_RPAREN MK_LBRACE block MK_RBRACE
   12 param_list: param_list . MK_COMMA param

    MK_RPAREN  偏移，並進入狀態 142
    MK_COMMA   偏移，並進入狀態 112


狀態 97

   59 init_id_list: init_id_list MK_COMMA init_id .

    $預設  使用規則 59 以縮減 (init_id_list)


狀態 98

   10 function_decl: struct_type ID MK_LPAREN MK_RPAREN . MK_LBRACE block MK_RBRACE

    MK_LBRACE  偏移，並進入狀態 143


狀態 99

    7 function_decl: struct_type ID MK_LPAREN param_list . MK_RPAREN MK_LBRACE block MK_RBRACE
   12 param_list: param_list . MK_COMMA param

    MK_RPAREN  偏移，並進入狀態 144
    MK_COMMA   偏移，並進入狀態 112


狀態 100

   52 cexpr: cexpr . add_op mcexpr
   57 cfactor: MK_LPAREN cexpr . MK_RPAREN

    OP_PLUS    偏移，並進入狀態 101
    OP_MINUS   偏移，並進入狀態 102
    MK_RPAREN  偏移，並進入狀態 145

    add_op  進入狀態 104


狀態 101

   99 add_op: OP_PLUS .

    $預設  使用規則 99 以縮減 (add_op)


狀態 102

  100 add_op: OP_MINUS .

    $預設  使用規則 100 以縮減 (add_op)


狀態 103

   50 dim_decl: MK_LB cexpr MK_RB .

    $預設  使用規則 50 以縮減 (dim_decl)


狀態 104

   52 cexpr: cexpr add_op . mcexpr

    CONST      偏移，並進入狀態 63
    MK_LPAREN  偏移，並進入狀態 64

    mcexpr   進入狀態 146
    cfactor  進入狀態 67


狀態 105

  103 mul_op: OP_TIMES .

    $預設  使用規則 103 以縮減 (mul_op)


狀態 106

  104 mul_op: OP_DIVIDE .

    $預設  使用規則 104 以縮減 (mul_op)


狀態 107

   54 mcexpr: mcexpr mul_op . cfactor

    CONST      偏移，並進入狀態 63
    MK_LPAREN  偏移，並進入狀態 64

    cfactor  進入狀態 147


狀態 108

   51 dim_decl: dim_decl MK_LB cexpr . MK_RB
   52 cexpr: cexpr . add_op mcexpr

    OP_PLUS   偏移，並進入狀態 101
    OP_MINUS  偏移，並進入狀態 102
    MK_RB     偏移，並進入狀態 148

    add_op  進入狀態 104


狀態 109

   48 id_list: id_list MK_COMMA ID dim_decl .
   51 dim_decl: dim_decl . MK_LB cexpr MK_RB

    MK_LB  偏移，並進入狀態 68

    $預設  使用規則 48 以縮減 (id_list)


狀態 110

   11 function_decl: VOID ID MK_LPAREN MK_RPAREN MK_LBRACE . block MK_RBRACE

    ID            偏移，並進入狀態 149
    CONST         偏移，並進入狀態 84
    INT           偏移，並進入狀態 6
    FLOAT         偏移，並進入狀態 7
    IF            偏移，並進入狀態 150
    WHILE         偏移，並進入狀態 151
    FOR           偏移，並進入狀態 152
    STRUCT        偏移，並進入狀態 8
    TYPEDEF       偏移，並進入狀態 9
    OP_NOT        偏移，並進入狀態 85
    OP_MINUS      偏移，並進入狀態 86
    MK_LPAREN     偏移，並進入狀態 87
    MK_LBRACE     偏移，並進入狀態 153
    MK_SEMICOLON  偏移，並進入狀態 154
    RETURN        偏移，並進入狀態 155

    $預設  使用規則 26 以縮減 (block)

    block             進入狀態 156
    decl_list         進入狀態 157
    decl              進入狀態 13
    type_decl         進入狀態 14
    var_decl          進入狀態 15
    type              進入狀態 47
    struct_type       進入狀態 48
    struct_decl       進入狀態 18
    anonymous_struct  進入狀態 19
    stmt_list         進入狀態 158
    stmt              進入狀態 159
    relop_expr        進入狀態 160
    relop_term        進入狀態 89
    relop_factor      進入狀態 90
    expr              進入狀態 91
    term              進入狀態 92
    factor            進入狀態 93
    var_ref           進入狀態 161


狀態 111

    8 function_decl: VOID ID MK_LPAREN param_list MK_RPAREN . MK_LBRACE block MK_RBRACE

    MK_LBRACE  偏移，並進入狀態 162


狀態 112

   12 param_list: param_list MK_COMMA . param

    INT     偏移，並進入狀態 6
    FLOAT   偏移，並進入狀態 7
    STRUCT  偏移，並進入狀態 70

    param        進入狀態 163
    type         進入狀態 74
    struct_type  進入狀態 75


狀態 113

   14 param: type ID .
   16      | type ID . dim_fn

    MK_LB  偏移，並進入狀態 164

    $預設  使用規則 14 以縮減 (param)

    dim_fn  進入狀態 165


狀態 114

   15 param: struct_type ID .
   17      | struct_type ID . dim_fn

    MK_LB  偏移，並進入狀態 164

    $預設  使用規則 15 以縮減 (param)

    dim_fn  進入狀態 166


狀態 115

   44 struct_decl: STRUCT ID MK_LBRACE decl_list MK_RBRACE .

    $預設  使用規則 44 以縮減 (struct_decl)


狀態 116

  111 factor: ID MK_LPAREN . relop_expr_list MK_RPAREN

    ID         偏移，並進入狀態 83
    CONST      偏移，並進入狀態 84
    OP_NOT     偏移，並進入狀態 85
    OP_MINUS   偏移，並進入狀態 86
    MK_LPAREN  偏移，並進入狀態 87

    $預設  使用規則 94 以縮減 (relop_expr_list)

    relop_expr                進入狀態 167
    relop_term                進入狀態 89
    relop_factor              進入狀態 90
    relop_expr_list           進入狀態 168
    nonempty_relop_expr_list  進入狀態 169
    expr                      進入狀態 91
    term                      進入狀態 92
    factor                    進入狀態 93
    var_ref                   進入狀態 94


狀態 117

  113 factor: OP_NOT ID . MK_LPAREN relop_expr_list MK_RPAREN
  117 var_ref: ID .

    MK_LPAREN  偏移，並進入狀態 170

    $預設  使用規則 117 以縮減 (var_ref)


狀態 118

  110 factor: OP_NOT CONST .

    $預設  使用規則 110 以縮減 (factor)


狀態 119

  107 factor: OP_NOT MK_LPAREN . relop_expr MK_RPAREN

    ID         偏移，並進入狀態 83
    CONST      偏移，並進入狀態 84
    OP_NOT     偏移，並進入狀態 85
    OP_MINUS   偏移，並進入狀態 86
    MK_LPAREN  偏移，並進入狀態 87

    relop_expr    進入狀態 171
    relop_term    進入狀態 89
    relop_factor  進入狀態 90
    expr          進入狀態 91
    term          進入狀態 92
    factor        進入狀態 93
    var_ref       進入狀態 94


狀態 120

  116 factor: OP_NOT var_ref .
  118 var_ref: var_ref . dim
  119        | var_ref . struct_tail

    MK_LB   偏移，並進入狀態 137
    MK_DOT  偏移，並進入狀態 138

    $預設  使用規則 116 以縮減 (factor)

    dim          進入狀態 139
    struct_tail  進入狀態 140


狀態 121

  112 factor: OP_MINUS ID . MK_LPAREN relop_expr_list MK_RPAREN
  117 var_ref: ID .

    MK_LPAREN  偏移，並進入狀態 172

    $預設  使用規則 117 以縮減 (var_ref)


狀態 122

  109 factor: OP_MINUS CONST .

    $預設  使用規則 109 以縮減 (factor)


狀態 123

  106 factor: OP_MINUS MK_LPAREN . relop_expr MK_RPAREN

    ID         偏移，並進入狀態 83
    CONST      偏移，並進入狀態 84
    OP_NOT     偏移，並進入狀態 85
    OP_MINUS   偏移，並進入狀態 86
    MK_LPAREN  偏移，並進入狀態 87

    relop_expr    進入狀態 173
    relop_term    進入狀態 89
    relop_factor  進入狀態 90
    expr          進入狀態 91
    term          進入狀態 92
    factor        進入狀態 93
    var_ref       進入狀態 94


狀態 124

  115 factor: OP_MINUS var_ref .
  118 var_ref: var_ref . dim
  119        | var_ref . struct_tail

    MK_LB   偏移，並進入狀態 137
    MK_DOT  偏移，並進入狀態 138

    $預設  使用規則 115 以縮減 (factor)

    dim          進入狀態 139
    struct_tail  進入狀態 140


狀態 125

   82 relop_expr: relop_expr . OP_OR relop_term
  105 factor: MK_LPAREN relop_expr . MK_RPAREN

    OP_OR      偏移，並進入狀態 126
    MK_RPAREN  偏移，並進入狀態 174


狀態 126

   82 relop_expr: relop_expr OP_OR . relop_term

    ID         偏移，並進入狀態 83
    CONST      偏移，並進入狀態 84
    OP_NOT     偏移，並進入狀態 85
    OP_MINUS   偏移，並進入狀態 86
    MK_LPAREN  偏移，並進入狀態 87

    relop_term    進入狀態 175
    relop_factor  進入狀態 90
    expr          進入狀態 91
    term          進入狀態 92
    factor        進入狀態 93
    var_ref       進入狀態 94


狀態 127

   84 relop_term: relop_term OP_AND . relop_factor

    ID         偏移，並進入狀態 83
    CONST      偏移，並進入狀態 84
    OP_NOT     偏移，並進入狀態 85
    OP_MINUS   偏移，並進入狀態 86
    MK_LPAREN  偏移，並進入狀態 87

    relop_factor  進入狀態 176
    expr          進入狀態 91
    term          進入狀態 92
    factor        進入狀態 93
    var_ref       進入狀態 94


狀態 128

   87 rel_op: OP_EQ .

    $預設  使用規則 87 以縮減 (rel_op)


狀態 129

   90 rel_op: OP_NE .

    $預設  使用規則 90 以縮減 (rel_op)


狀態 130

   91 rel_op: OP_GT .

    $預設  使用規則 91 以縮減 (rel_op)


狀態 131

   92 rel_op: OP_LT .

    $預設  使用規則 92 以縮減 (rel_op)


狀態 132

   88 rel_op: OP_GE .

    $預設  使用規則 88 以縮減 (rel_op)


狀態 133

   89 rel_op: OP_LE .

    $預設  使用規則 89 以縮減 (rel_op)


狀態 134

   86 relop_factor: expr rel_op . expr

    ID         偏移，並進入狀態 83
    CONST      偏移，並進入狀態 84
    OP_NOT     偏移，並進入狀態 85
    OP_MINUS   偏移，並進入狀態 86
    MK_LPAREN  偏移，並進入狀態 87

    expr     進入狀態 177
    term     進入狀態 92
    factor   進入狀態 93
    var_ref  進入狀態 94


狀態 135

   97 expr: expr add_op . term

    ID         偏移，並進入狀態 83
    CONST      偏移，並進入狀態 84
    OP_NOT     偏移，並進入狀態 85
    OP_MINUS   偏移，並進入狀態 86
    MK_LPAREN  偏移，並進入狀態 87

    term     進入狀態 178
    factor   進入狀態 93
    var_ref  進入狀態 94


狀態 136

  101 term: term mul_op . factor

    ID         偏移，並進入狀態 83
    CONST      偏移，並進入狀態 84
    OP_NOT     偏移，並進入狀態 85
    OP_MINUS   偏移，並進入狀態 86
    MK_LPAREN  偏移，並進入狀態 87

    factor   進入狀態 179
    var_ref  進入狀態 94


狀態 137

  120 dim: MK_LB . expr MK_RB

    ID         偏移，並進入狀態 83
    CONST      偏移，並進入狀態 84
    OP_NOT     偏移，並進入狀態 85
    OP_MINUS   偏移，並進入狀態 86
    MK_LPAREN  偏移，並進入狀態 87

    expr     進入狀態 180
    term     進入狀態 92
    factor   進入狀態 93
    var_ref  進入狀態 94


狀態 138

  121 struct_tail: MK_DOT . ID

    ID  偏移，並進入狀態 181


狀態 139

  118 var_ref: var_ref dim .

    $預設  使用規則 118 以縮減 (var_ref)


狀態 140

  119 var_ref: var_ref struct_tail .

    $預設  使用規則 119 以縮減 (var_ref)


狀態 141

    9 function_decl: type ID MK_LPAREN MK_RPAREN MK_LBRACE . block MK_RBRACE

    ID            偏移，並進入狀態 149
    CONST         偏移，並進入狀態 84
    INT           偏移，並進入狀態 6
    FLOAT         偏移，並進入狀態 7
    IF            偏移，並進入狀態 150
    WHILE         偏移，並進入狀態 151
    FOR           偏移，並進入狀態 152
    STRUCT        偏移，並進入狀態 8
    TYPEDEF       偏移，並進入狀態 9
    OP_NOT        偏移，並進入狀態 85
    OP_MINUS      偏移，並進入狀態 86
    MK_LPAREN     偏移，並進入狀態 87
    MK_LBRACE     偏移，並進入狀態 153
    MK_SEMICOLON  偏移，並進入狀態 154
    RETURN        偏移，並進入狀態 155

    $預設  使用規則 26 以縮減 (block)

    block             進入狀態 182
    decl_list         進入狀態 157
    decl              進入狀態 13
    type_decl         進入狀態 14
    var_decl          進入狀態 15
    type              進入狀態 47
    struct_type       進入狀態 48
    struct_decl       進入狀態 18
    anonymous_struct  進入狀態 19
    stmt_list         進入狀態 158
    stmt              進入狀態 159
    relop_expr        進入狀態 160
    relop_term        進入狀態 89
    relop_factor      進入狀態 90
    expr              進入狀態 91
    term              進入狀態 92
    factor            進入狀態 93
    var_ref           進入狀態 161


狀態 142

    6 function_decl: type ID MK_LPAREN param_list MK_RPAREN . MK_LBRACE block MK_RBRACE

    MK_LBRACE  偏移，並進入狀態 183


狀態 143

   10 function_decl: struct_type ID MK_LPAREN MK_RPAREN MK_LBRACE . block MK_RBRACE

    ID            偏移，並進入狀態 149
    CONST         偏移，並進入狀態 84
    INT           偏移，並進入狀態 6
    FLOAT         偏移，並進入狀態 7
    IF            偏移，並進入狀態 150
    WHILE         偏移，並進入狀態 151
    FOR           偏移，並進入狀態 152
    STRUCT        偏移，並進入狀態 8
    TYPEDEF       偏移，並進入狀態 9
    OP_NOT        偏移，並進入狀態 85
    OP_MINUS      偏移，並進入狀態 86
    MK_LPAREN     偏移，並進入狀態 87
    MK_LBRACE     偏移，並進入狀態 153
    MK_SEMICOLON  偏移，並進入狀態 154
    RETURN        偏移，並進入狀態 155

    $預設  使用規則 26 以縮減 (block)

    block             進入狀態 184
    decl_list         進入狀態 157
    decl              進入狀態 13
    type_decl         進入狀態 14
    var_decl          進入狀態 15
    type              進入狀態 47
    struct_type       進入狀態 48
    struct_decl       進入狀態 18
    anonymous_struct  進入狀態 19
    stmt_list         進入狀態 158
    stmt              進入狀態 159
    relop_expr        進入狀態 160
    relop_term        進入狀態 89
    relop_factor      進入狀態 90
    expr              進入狀態 91
    term              進入狀態 92
    factor            進入狀態 93
    var_ref           進入狀態 161


狀態 144

    7 function_decl: struct_type ID MK_LPAREN param_list MK_RPAREN . MK_LBRACE block MK_RBRACE

    MK_LBRACE  偏移，並進入狀態 185


狀態 145

   57 cfactor: MK_LPAREN cexpr MK_RPAREN .

    $預設  使用規則 57 以縮減 (cfactor)


狀態 146

   52 cexpr: cexpr add_op mcexpr .
   54 mcexpr: mcexpr . mul_op cfactor

    OP_TIMES   偏移，並進入狀態 105
    OP_DIVIDE  偏移，並進入狀態 106

    $預設  使用規則 52 以縮減 (cexpr)

    mul_op  進入狀態 107


狀態 147

   54 mcexpr: mcexpr mul_op cfactor .

    $預設  使用規則 54 以縮減 (mcexpr)


狀態 148

   51 dim_decl: dim_decl MK_LB cexpr MK_RB .

    $預設  使用規則 51 以縮減 (dim_decl)


狀態 149

   40 var_decl: ID . id_list MK_SEMICOLON
  111 factor: ID . MK_LPAREN relop_expr_list MK_RPAREN
  117 var_ref: ID .

    ID         偏移，並進入狀態 20
    MK_LPAREN  偏移，並進入狀態 116

    $預設  使用規則 117 以縮減 (var_ref)

    id_list  進入狀態 21


狀態 150

   70 stmt: IF . MK_LPAREN relop_expr_list MK_RPAREN stmt
   71     | IF . MK_LPAREN relop_expr_list MK_RPAREN stmt ELSE stmt

    MK_LPAREN  偏移，並進入狀態 186


狀態 151

   66 stmt: WHILE . MK_LPAREN relop_expr_list MK_RPAREN stmt

    MK_LPAREN  偏移，並進入狀態 187


狀態 152

   67 stmt: FOR . MK_LPAREN assign_expr_list MK_SEMICOLON relop_expr_list MK_SEMICOLON assign_expr_list MK_RPAREN stmt

    MK_LPAREN  偏移，並進入狀態 188


狀態 153

   65 stmt: MK_LBRACE . block MK_RBRACE

    ID            偏移，並進入狀態 149
    CONST         偏移，並進入狀態 84
    INT           偏移，並進入狀態 6
    FLOAT         偏移，並進入狀態 7
    IF            偏移，並進入狀態 150
    WHILE         偏移，並進入狀態 151
    FOR           偏移，並進入狀態 152
    STRUCT        偏移，並進入狀態 8
    TYPEDEF       偏移，並進入狀態 9
    OP_NOT        偏移，並進入狀態 85
    OP_MINUS      偏移，並進入狀態 86
    MK_LPAREN     偏移，並進入狀態 87
    MK_LBRACE     偏移，並進入狀態 153
    MK_SEMICOLON  偏移，並進入狀態 154
    RETURN        偏移，並進入狀態 155

    $預設  使用規則 26 以縮減 (block)

    block             進入狀態 189
    decl_list         進入狀態 157
    decl              進入狀態 13
    type_decl         進入狀態 14
    var_decl          進入狀態 15
    type              進入狀態 47
    struct_type       進入狀態 48
    struct_decl       進入狀態 18
    anonymous_struct  進入狀態 19
    stmt_list         進入狀態 158
    stmt              進入狀態 159
    relop_expr        進入狀態 160
    relop_term        進入狀態 89
    relop_factor      進入狀態 90
    expr              進入狀態 91
    term              進入狀態 92
    factor            進入狀態 93
    var_ref           進入狀態 161


狀態 154

   72 stmt: MK_SEMICOLON .

    $預設  使用規則 72 以縮減 (stmt)


狀態 155

   73 stmt: RETURN . MK_SEMICOLON
   74     | RETURN . relop_expr MK_SEMICOLON

    ID            偏移，並進入狀態 83
    CONST         偏移，並進入狀態 84
    OP_NOT        偏移，並進入狀態 85
    OP_MINUS      偏移，並進入狀態 86
    MK_LPAREN     偏移，並進入狀態 87
    MK_SEMICOLON  偏移，並進入狀態 190

    relop_expr    進入狀態 191
    relop_term    進入狀態 89
    relop_factor  進入狀態 90
    expr          進入狀態 91
    term          進入狀態 92
    factor        進入狀態 93
    var_ref       進入狀態 94


狀態 156

   11 function_decl: VOID ID MK_LPAREN MK_RPAREN MK_LBRACE block . MK_RBRACE

    MK_RBRACE  偏移，並進入狀態 192


狀態 157

   23 block: decl_list . stmt_list
   25      | decl_list .
   27 decl_list: decl_list . decl

    ID            偏移，並進入狀態 149
    CONST         偏移，並進入狀態 84
    INT           偏移，並進入狀態 6
    FLOAT         偏移，並進入狀態 7
    IF            偏移，並進入狀態 150
    WHILE         偏移，並進入狀態 151
    FOR           偏移，並進入狀態 152
    STRUCT        偏移，並進入狀態 8
    TYPEDEF       偏移，並進入狀態 9
    OP_NOT        偏移，並進入狀態 85
    OP_MINUS      偏移，並進入狀態 86
    MK_LPAREN     偏移，並進入狀態 87
    MK_LBRACE     偏移，並進入狀態 153
    MK_SEMICOLON  偏移，並進入狀態 154
    RETURN        偏移，並進入狀態 155

    $預設  使用規則 25 以縮減 (block)

    decl              進入狀態 31
    type_decl         進入狀態 14
    var_decl          進入狀態 15
    type              進入狀態 47
    struct_type       進入狀態 48
    struct_decl       進入狀態 18
    anonymous_struct  進入狀態 19
    stmt_list         進入狀態 193
    stmt              進入狀態 159
    relop_expr        進入狀態 160
    relop_term        進入狀態 89
    relop_factor      進入狀態 90
    expr              進入狀態 91
    term              進入狀態 92
    factor            進入狀態 93
    var_ref           進入狀態 161


狀態 158

   24 block: stmt_list .
   63 stmt_list: stmt_list . stmt

    ID            偏移，並進入狀態 83
    CONST         偏移，並進入狀態 84
    IF            偏移，並進入狀態 150
    WHILE         偏移，並進入狀態 151
    FOR           偏移，並進入狀態 152
    OP_NOT        偏移，並進入狀態 85
    OP_MINUS      偏移，並進入狀態 86
    MK_LPAREN     偏移，並進入狀態 87
    MK_LBRACE     偏移，並進入狀態 153
    MK_SEMICOLON  偏移，並進入狀態 154
    RETURN        偏移，並進入狀態 155

    $預設  使用規則 24 以縮減 (block)

    stmt          進入狀態 194
    relop_expr    進入狀態 160
    relop_term    進入狀態 89
    relop_factor  進入狀態 90
    expr          進入狀態 91
    term          進入狀態 92
    factor        進入狀態 93
    var_ref       進入狀態 161


狀態 159

   64 stmt_list: stmt .

    $預設  使用規則 64 以縮減 (stmt_list)


狀態 160

   69 stmt: relop_expr . MK_SEMICOLON
   82 relop_expr: relop_expr . OP_OR relop_term

    OP_OR         偏移，並進入狀態 126
    MK_SEMICOLON  偏移，並進入狀態 195


狀態 161

   68 stmt: var_ref . OP_ASSIGN relop_expr MK_SEMICOLON
  114 factor: var_ref .
  118 var_ref: var_ref . dim
  119        | var_ref . struct_tail

    OP_ASSIGN  偏移，並進入狀態 196
    MK_LB      偏移，並進入狀態 137
    MK_DOT     偏移，並進入狀態 138

    $預設  使用規則 114 以縮減 (factor)

    dim          進入狀態 139
    struct_tail  進入狀態 140


狀態 162

    8 function_decl: VOID ID MK_LPAREN param_list MK_RPAREN MK_LBRACE . block MK_RBRACE

    ID            偏移，並進入狀態 149
    CONST         偏移，並進入狀態 84
    INT           偏移，並進入狀態 6
    FLOAT         偏移，並進入狀態 7
    IF            偏移，並進入狀態 150
    WHILE         偏移，並進入狀態 151
    FOR           偏移，並進入狀態 152
    STRUCT        偏移，並進入狀態 8
    TYPEDEF       偏移，並進入狀態 9
    OP_NOT        偏移，並進入狀態 85
    OP_MINUS      偏移，並進入狀態 86
    MK_LPAREN     偏移，並進入狀態 87
    MK_LBRACE     偏移，並進入狀態 153
    MK_SEMICOLON  偏移，並進入狀態 154
    RETURN        偏移，並進入狀態 155

    $預設  使用規則 26 以縮減 (block)

    block             進入狀態 197
    decl_list         進入狀態 157
    decl              進入狀態 13
    type_decl         進入狀態 14
    var_decl          進入狀態 15
    type              進入狀態 47
    struct_type       進入狀態 48
    struct_decl       進入狀態 18
    anonymous_struct  進入狀態 19
    stmt_list         進入狀態 158
    stmt              進入狀態 159
    relop_expr        進入狀態 160
    relop_term        進入狀態 89
    relop_factor      進入狀態 90
    expr              進入狀態 91
    term              進入狀態 92
    factor            進入狀態 93
    var_ref           進入狀態 161


狀態 163

   12 param_list: param_list MK_COMMA param .

    $預設  使用規則 12 以縮減 (param_list)


狀態 164

   18 dim_fn: MK_LB . expr_null MK_RB dimfn1

    ID         偏移，並進入狀態 83
    CONST      偏移，並進入狀態 84
    OP_NOT     偏移，並進入狀態 85
    OP_MINUS   偏移，並進入狀態 86
    MK_LPAREN  偏移，並進入狀態 87

    $預設  使用規則 22 以縮減 (expr_null)

    expr_null  進入狀態 198
    expr       進入狀態 199
    term       進入狀態 92
    factor     進入狀態 93
    var_ref    進入狀態 94


狀態 165

   16 param: type ID dim_fn .

    $預設  使用規則 16 以縮減 (param)


狀態 166

   17 param: struct_type ID dim_fn .

    $預設  使用規則 17 以縮減 (param)


狀態 167

   82 relop_expr: relop_expr . OP_OR relop_term
   96 nonempty_relop_expr_list: relop_expr .

    OP_OR  偏移，並進入狀態 126

    $預設  使用規則 96 以縮減 (nonempty_relop_expr_list)


狀態 168

  111 factor: ID MK_LPAREN relop_expr_list . MK_RPAREN

    MK_RPAREN  偏移，並進入狀態 200


狀態 169

   93 relop_expr_list: nonempty_relop_expr_list .
   95 nonempty_relop_expr_list: nonempty_relop_expr_list . MK_COMMA relop_expr

    MK_COMMA  偏移，並進入狀態 201

    $預設  使用規則 93 以縮減 (relop_expr_list)


狀態 170

  113 factor: OP_NOT ID MK_LPAREN . relop_expr_list MK_RPAREN

    ID         偏移，並進入狀態 83
    CONST      偏移，並進入狀態 84
    OP_NOT     偏移，並進入狀態 85
    OP_MINUS   偏移，並進入狀態 86
    MK_LPAREN  偏移，並進入狀態 87

    $預設  使用規則 94 以縮減 (relop_expr_list)

    relop_expr                進入狀態 167
    relop_term                進入狀態 89
    relop_factor              進入狀態 90
    relop_expr_list           進入狀態 202
    nonempty_relop_expr_list  進入狀態 169
    expr                      進入狀態 91
    term                      進入狀態 92
    factor                    進入狀態 93
    var_ref                   進入狀態 94


狀態 171

   82 relop_expr: relop_expr . OP_OR relop_term
  107 factor: OP_NOT MK_LPAREN relop_expr . MK_RPAREN

    OP_OR      偏移，並進入狀態 126
    MK_RPAREN  偏移，並進入狀態 203


狀態 172

  112 factor: OP_MINUS ID MK_LPAREN . relop_expr_list MK_RPAREN

    ID         偏移，並進入狀態 83
    CONST      偏移，並進入狀態 84
    OP_NOT     偏移，並進入狀態 85
    OP_MINUS   偏移，並進入狀態 86
    MK_LPAREN  偏移，並進入狀態 87

    $預設  使用規則 94 以縮減 (relop_expr_list)

    relop_expr                進入狀態 167
    relop_term                進入狀態 89
    relop_factor              進入狀態 90
    relop_expr_list           進入狀態 204
    nonempty_relop_expr_list  進入狀態 169
    expr                      進入狀態 91
    term                      進入狀態 92
    factor                    進入狀態 93
    var_ref                   進入狀態 94


狀態 173

   82 relop_expr: relop_expr . OP_OR relop_term
  106 factor: OP_MINUS MK_LPAREN relop_expr . MK_RPAREN

    OP_OR      偏移，並進入狀態 126
    MK_RPAREN  偏移，並進入狀態 205


狀態 174

  105 factor: MK_LPAREN relop_expr MK_RPAREN .

    $預設  使用規則 105 以縮減 (factor)


狀態 175

   82 relop_expr: relop_expr OP_OR relop_term .
   84 relop_term: relop_term . OP_AND relop_factor

    OP_AND  偏移，並進入狀態 127

    $預設  使用規則 82 以縮減 (relop_expr)


狀態 176

   84 relop_term: relop_term OP_AND relop_factor .

    $預設  使用規則 84 以縮減 (relop_term)


狀態 177

   86 relop_factor: expr rel_op expr .
   97 expr: expr . add_op term

    OP_PLUS   偏移，並進入狀態 101
    OP_MINUS  偏移，並進入狀態 102

    $預設  使用規則 86 以縮減 (relop_factor)

    add_op  進入狀態 135


狀態 178

   97 expr: expr add_op term .
  101 term: term . mul_op factor

    OP_TIMES   偏移，並進入狀態 105
    OP_DIVIDE  偏移，並進入狀態 106

    $預設  使用規則 97 以縮減 (expr)

    mul_op  進入狀態 136


狀態 179

  101 term: term mul_op factor .

    $預設  使用規則 101 以縮減 (term)


狀態 180

   97 expr: expr . add_op term
  120 dim: MK_LB expr . MK_RB

    OP_PLUS   偏移，並進入狀態 101
    OP_MINUS  偏移，並進入狀態 102
    MK_RB     偏移，並進入狀態 206

    add_op  進入狀態 135


狀態 181

  121 struct_tail: MK_DOT ID .

    $預設  使用規則 121 以縮減 (struct_tail)


狀態 182

    9 function_decl: type ID MK_LPAREN MK_RPAREN MK_LBRACE block . MK_RBRACE

    MK_RBRACE  偏移，並進入狀態 207


狀態 183

    6 function_decl: type ID MK_LPAREN param_list MK_RPAREN MK_LBRACE . block MK_RBRACE

    ID            偏移，並進入狀態 149
    CONST         偏移，並進入狀態 84
    INT           偏移，並進入狀態 6
    FLOAT         偏移，並進入狀態 7
    IF            偏移，並進入狀態 150
    WHILE         偏移，並進入狀態 151
    FOR           偏移，並進入狀態 152
    STRUCT        偏移，並進入狀態 8
    TYPEDEF       偏移，並進入狀態 9
    OP_NOT        偏移，並進入狀態 85
    OP_MINUS      偏移，並進入狀態 86
    MK_LPAREN     偏移，並進入狀態 87
    MK_LBRACE     偏移，並進入狀態 153
    MK_SEMICOLON  偏移，並進入狀態 154
    RETURN        偏移，並進入狀態 155

    $預設  使用規則 26 以縮減 (block)

    block             進入狀態 208
    decl_list         進入狀態 157
    decl              進入狀態 13
    type_decl         進入狀態 14
    var_decl          進入狀態 15
    type              進入狀態 47
    struct_type       進入狀態 48
    struct_decl       進入狀態 18
    anonymous_struct  進入狀態 19
    stmt_list         進入狀態 158
    stmt              進入狀態 159
    relop_expr        進入狀態 160
    relop_term        進入狀態 89
    relop_factor      進入狀態 90
    expr              進入狀態 91
    term              進入狀態 92
    factor            進入狀態 93
    var_ref           進入狀態 161


狀態 184

   10 function_decl: struct_type ID MK_LPAREN MK_RPAREN MK_LBRACE block . MK_RBRACE

    MK_RBRACE  偏移，並進入狀態 209


狀態 185

    7 function_decl: struct_type ID MK_LPAREN param_list MK_RPAREN MK_LBRACE . block MK_RBRACE

    ID            偏移，並進入狀態 149
    CONST         偏移，並進入狀態 84
    INT           偏移，並進入狀態 6
    FLOAT         偏移，並進入狀態 7
    IF            偏移，並進入狀態 150
    WHILE         偏移，並進入狀態 151
    FOR           偏移，並進入狀態 152
    STRUCT        偏移，並進入狀態 8
    TYPEDEF       偏移，並進入狀態 9
    OP_NOT        偏移，並進入狀態 85
    OP_MINUS      偏移，並進入狀態 86
    MK_LPAREN     偏移，並進入狀態 87
    MK_LBRACE     偏移，並進入狀態 153
    MK_SEMICOLON  偏移，並進入狀態 154
    RETURN        偏移，並進入狀態 155

    $預設  使用規則 26 以縮減 (block)

    block             進入狀態 210
    decl_list         進入狀態 157
    decl              進入狀態 13
    type_decl         進入狀態 14
    var_decl          進入狀態 15
    type              進入狀態 47
    struct_type       進入狀態 48
    struct_decl       進入狀態 18
    anonymous_struct  進入狀態 19
    stmt_list         進入狀態 158
    stmt              進入狀態 159
    relop_expr        進入狀態 160
    relop_term        進入狀態 89
    relop_factor      進入狀態 90
    expr              進入狀態 91
    term              進入狀態 92
    factor            進入狀態 93
    var_ref           進入狀態 161


狀態 186

   70 stmt: IF MK_LPAREN . relop_expr_list MK_RPAREN stmt
   71     | IF MK_LPAREN . relop_expr_list MK_RPAREN stmt ELSE stmt

    ID         偏移，並進入狀態 83
    CONST      偏移，並進入狀態 84
    OP_NOT     偏移，並進入狀態 85
    OP_MINUS   偏移，並進入狀態 86
    MK_LPAREN  偏移，並進入狀態 87

    $預設  使用規則 94 以縮減 (relop_expr_list)

    relop_expr                進入狀態 167
    relop_term                進入狀態 89
    relop_factor              進入狀態 90
    relop_expr_list           進入狀態 211
    nonempty_relop_expr_list  進入狀態 169
    expr                      進入狀態 91
    term                      進入狀態 92
    factor                    進入狀態 93
    var_ref                   進入狀態 94


狀態 187

   66 stmt: WHILE MK_LPAREN . relop_expr_list MK_RPAREN stmt

    ID         偏移，並進入狀態 83
    CONST      偏移，並進入狀態 84
    OP_NOT     偏移，並進入狀態 85
    OP_MINUS   偏移，並進入狀態 86
    MK_LPAREN  偏移，並進入狀態 87

    $預設  使用規則 94 以縮減 (relop_expr_list)

    relop_expr                進入狀態 167
    relop_term                進入狀態 89
    relop_factor              進入狀態 90
    relop_expr_list           進入狀態 212
    nonempty_relop_expr_list  進入狀態 169
    expr                      進入狀態 91
    term                      進入狀態 92
    factor                    進入狀態 93
    var_ref                   進入狀態 94


狀態 188

   67 stmt: FOR MK_LPAREN . assign_expr_list MK_SEMICOLON relop_expr_list MK_SEMICOLON assign_expr_list MK_RPAREN stmt

    ID         偏移，並進入狀態 213
    CONST      偏移，並進入狀態 84
    OP_NOT     偏移，並進入狀態 85
    OP_MINUS   偏移，並進入狀態 86
    MK_LPAREN  偏移，並進入狀態 87

    $預設  使用規則 76 以縮減 (assign_expr_list)

    assign_expr_list           進入狀態 214
    nonempty_assign_expr_list  進入狀態 215
    assign_expr                進入狀態 216
    relop_expr                 進入狀態 217
    relop_term                 進入狀態 89
    relop_factor               進入狀態 90
    expr                       進入狀態 91
    term                       進入狀態 92
    factor                     進入狀態 93
    var_ref                    進入狀態 94


狀態 189

   65 stmt: MK_LBRACE block . MK_RBRACE

    MK_RBRACE  偏移，並進入狀態 218


狀態 190

   73 stmt: RETURN MK_SEMICOLON .

    $預設  使用規則 73 以縮減 (stmt)


狀態 191

   74 stmt: RETURN relop_expr . MK_SEMICOLON
   82 relop_expr: relop_expr . OP_OR relop_term

    OP_OR         偏移，並進入狀態 126
    MK_SEMICOLON  偏移，並進入狀態 219


狀態 192

   11 function_decl: VOID ID MK_LPAREN MK_RPAREN MK_LBRACE block MK_RBRACE .

    $預設  使用規則 11 以縮減 (function_decl)


狀態 193

   23 block: decl_list stmt_list .
   63 stmt_list: stmt_list . stmt

    ID            偏移，並進入狀態 83
    CONST         偏移，並進入狀態 84
    IF            偏移，並進入狀態 150
    WHILE         偏移，並進入狀態 151
    FOR           偏移，並進入狀態 152
    OP_NOT        偏移，並進入狀態 85
    OP_MINUS      偏移，並進入狀態 86
    MK_LPAREN     偏移，並進入狀態 87
    MK_LBRACE     偏移，並進入狀態 153
    MK_SEMICOLON  偏移，並進入狀態 154
    RETURN        偏移，並進入狀態 155

    $預設  使用規則 23 以縮減 (block)

    stmt          進入狀態 194
    relop_expr    進入狀態 160
    relop_term    進入狀態 89
    relop_factor  進入狀態 90
    expr          進入狀態 91
    term          進入狀態 92
    factor        進入狀態 93
    var_ref       進入狀態 161


狀態 194

   63 stmt_list: stmt_list stmt .

    $預設  使用規則 63 以縮減 (stmt_list)


狀態 195

   69 stmt: relop_expr MK_SEMICOLON .

    $預設  使用規則 69 以縮減 (stmt)


狀態 196

   68 stmt: var_ref OP_ASSIGN . relop_expr MK_SEMICOLON

    ID         偏移，並進入狀態 83
    CONST      偏移，並進入狀態 84
    OP_NOT     偏移，並進入狀態 85
    OP_MINUS   偏移，並進入狀態 86
    MK_LPAREN  偏移，並進入狀態 87

    relop_expr    進入狀態 220
    relop_term    進入狀態 89
    relop_factor  進入狀態 90
    expr          進入狀態 91
    term          進入狀態 92
    factor        進入狀態 93
    var_ref       進入狀態 94


狀態 197

    8 function_decl: VOID ID MK_LPAREN param_list MK_RPAREN MK_LBRACE block . MK_RBRACE

    MK_RBRACE  偏移，並進入狀態 221


狀態 198

   18 dim_fn: MK_LB expr_null . MK_RB dimfn1

    MK_RB  偏移，並進入狀態 222


狀態 199

   21 expr_null: expr .
   97 expr: expr . add_op term

    OP_PLUS   偏移，並進入狀態 101
    OP_MINUS  偏移，並進入狀態 102

    $預設  使用規則 21 以縮減 (expr_null)

    add_op  進入狀態 135


狀態 200

  111 factor: ID MK_LPAREN relop_expr_list MK_RPAREN .

    $預設  使用規則 111 以縮減 (factor)


狀態 201

   95 nonempty_relop_expr_list: nonempty_relop_expr_list MK_COMMA . relop_expr

    ID         偏移，並進入狀態 83
    CONST      偏移，並進入狀態 84
    OP_NOT     偏移，並進入狀態 85
    OP_MINUS   偏移，並進入狀態 86
    MK_LPAREN  偏移，並進入狀態 87

    relop_expr    進入狀態 223
    relop_term    進入狀態 89
    relop_factor  進入狀態 90
    expr          進入狀態 91
    term          進入狀態 92
    factor        進入狀態 93
    var_ref       進入狀態 94


狀態 202

  113 factor: OP_NOT ID MK_LPAREN relop_expr_list . MK_RPAREN

    MK_RPAREN  偏移，並進入狀態 224


狀態 203

  107 factor: OP_NOT MK_LPAREN relop_expr MK_RPAREN .

    $預設  使用規則 107 以縮減 (factor)


狀態 204

  112 factor: OP_MINUS ID MK_LPAREN relop_expr_list . MK_RPAREN

    MK_RPAREN  偏移，並進入狀態 225


狀態 205

  106 factor: OP_MINUS MK_LPAREN relop_expr MK_RPAREN .

    $預設  使用規則 106 以縮減 (factor)


狀態 206

  120 dim: MK_LB expr MK_RB .

    $預設  使用規則 120 以縮減 (dim)


狀態 207

    9 function_decl: type ID MK_LPAREN MK_RPAREN MK_LBRACE block MK_RBRACE .

    $預設  使用規則 9 以縮減 (function_decl)


狀態 208

    6 function_decl: type ID MK_LPAREN param_list MK_RPAREN MK_LBRACE block . MK_RBRACE

    MK_RBRACE  偏移，並進入狀態 226


狀態 209

   10 function_decl: struct_type ID MK_LPAREN MK_RPAREN MK_LBRACE block MK_RBRACE .

    $預設  使用規則 10 以縮減 (function_decl)


狀態 210

    7 function_decl: struct_type ID MK_LPAREN param_list MK_RPAREN MK_LBRACE block . MK_RBRACE

    MK_RBRACE  偏移，並進入狀態 227


狀態 211

   70 stmt: IF MK_LPAREN relop_expr_list . MK_RPAREN stmt
   71     | IF MK_LPAREN relop_expr_list . MK_RPAREN stmt ELSE stmt

    MK_RPAREN  偏移，並進入狀態 228


狀態 212

   66 stmt: WHILE MK_LPAREN relop_expr_list . MK_RPAREN stmt

    MK_RPAREN  偏移，並進入狀態 229


狀態 213

   79 assign_expr: ID . OP_ASSIGN relop_expr
  111 factor: ID . MK_LPAREN relop_expr_list MK_RPAREN
  117 var_ref: ID .

    OP_ASSIGN  偏移，並進入狀態 230
    MK_LPAREN  偏移，並進入狀態 116

    $預設  使用規則 117 以縮減 (var_ref)


狀態 214

   67 stmt: FOR MK_LPAREN assign_expr_list . MK_SEMICOLON relop_expr_list MK_SEMICOLON assign_expr_list MK_RPAREN stmt

    MK_SEMICOLON  偏移，並進入狀態 231


狀態 215

   75 assign_expr_list: nonempty_assign_expr_list .
   77 nonempty_assign_expr_list: nonempty_assign_expr_list . MK_COMMA assign_expr

    MK_COMMA  偏移，並進入狀態 232

    $預設  使用規則 75 以縮減 (assign_expr_list)


狀態 216

   78 nonempty_assign_expr_list: assign_expr .

    $預設  使用規則 78 以縮減 (nonempty_assign_expr_list)


狀態 217

   80 assign_expr: relop_expr .
   82 relop_expr: relop_expr . OP_OR relop_term

    OP_OR  偏移，並進入狀態 126

    $預設  使用規則 80 以縮減 (assign_expr)


狀態 218

   65 stmt: MK_LBRACE block MK_RBRACE .

    $預設  使用規則 65 以縮減 (stmt)


狀態 219

   74 stmt: RETURN relop_expr MK_SEMICOLON .

    $預設  使用規則 74 以縮減 (stmt)


狀態 220

   68 stmt: var_ref OP_ASSIGN relop_expr . MK_SEMICOLON
   82 relop_expr: relop_expr . OP_OR relop_term

    OP_OR         偏移，並進入狀態 126
    MK_SEMICOLON  偏移，並進入狀態 233


狀態 221

    8 function_decl: VOID ID MK_LPAREN param_list MK_RPAREN MK_LBRACE block MK_RBRACE .

    $預設  使用規則 8 以縮減 (function_decl)


狀態 222

   18 dim_fn: MK_LB expr_null MK_RB . dimfn1

    MK_LB  偏移，並進入狀態 234

    $預設  使用規則 20 以縮減 (dimfn1)

    dimfn1  進入狀態 235


狀態 223

   82 relop_expr: relop_expr . OP_OR relop_term
   95 nonempty_relop_expr_list: nonempty_relop_expr_list MK_COMMA relop_expr .

    OP_OR  偏移，並進入狀態 126

    $預設  使用規則 95 以縮減 (nonempty_relop_expr_list)


狀態 224

  113 factor: OP_NOT ID MK_LPAREN relop_expr_list MK_RPAREN .

    $預設  使用規則 113 以縮減 (factor)


狀態 225

  112 factor: OP_MINUS ID MK_LPAREN relop_expr_list MK_RPAREN .

    $預設  使用規則 112 以縮減 (factor)


狀態 226

    6 function_decl: type ID MK_LPAREN param_list MK_RPAREN MK_LBRACE block MK_RBRACE .

    $預設  使用規則 6 以縮減 (function_decl)


狀態 227

    7 function_decl: struct_type ID MK_LPAREN param_list MK_RPAREN MK_LBRACE block MK_RBRACE .

    $預設  使用規則 7 以縮減 (function_decl)


狀態 228

   70 stmt: IF MK_LPAREN relop_expr_list MK_RPAREN . stmt
   71     | IF MK_LPAREN relop_expr_list MK_RPAREN . stmt ELSE stmt

    ID            偏移，並進入狀態 83
    CONST         偏移，並進入狀態 84
    IF            偏移，並進入狀態 150
    WHILE         偏移，並進入狀態 151
    FOR           偏移，並進入狀態 152
    OP_NOT        偏移，並進入狀態 85
    OP_MINUS      偏移，並進入狀態 86
    MK_LPAREN     偏移，並進入狀態 87
    MK_LBRACE     偏移，並進入狀態 153
    MK_SEMICOLON  偏移，並進入狀態 154
    RETURN        偏移，並進入狀態 155

    stmt          進入狀態 236
    relop_expr    進入狀態 160
    relop_term    進入狀態 89
    relop_factor  進入狀態 90
    expr          進入狀態 91
    term          進入狀態 92
    factor        進入狀態 93
    var_ref       進入狀態 161


狀態 229

   66 stmt: WHILE MK_LPAREN relop_expr_list MK_RPAREN . stmt

    ID            偏移，並進入狀態 83
    CONST         偏移，並進入狀態 84
    IF            偏移，並進入狀態 150
    WHILE         偏移，並進入狀態 151
    FOR           偏移，並進入狀態 152
    OP_NOT        偏移，並進入狀態 85
    OP_MINUS      偏移，並進入狀態 86
    MK_LPAREN     偏移，並進入狀態 87
    MK_LBRACE     偏移，並進入狀態 153
    MK_SEMICOLON  偏移，並進入狀態 154
    RETURN        偏移，並進入狀態 155

    stmt          進入狀態 237
    relop_expr    進入狀態 160
    relop_term    進入狀態 89
    relop_factor  進入狀態 90
    expr          進入狀態 91
    term          進入狀態 92
    factor        進入狀態 93
    var_ref       進入狀態 161


狀態 230

   79 assign_expr: ID OP_ASSIGN . relop_expr

    ID         偏移，並進入狀態 83
    CONST      偏移，並進入狀態 84
    OP_NOT     偏移，並進入狀態 85
    OP_MINUS   偏移，並進入狀態 86
    MK_LPAREN  偏移，並進入狀態 87

    relop_expr    進入狀態 238
    relop_term    進入狀態 89
    relop_factor  進入狀態 90
    expr          進入狀態 91
    term          進入狀態 92
    factor        進入狀態 93
    var_ref       進入狀態 94


狀態 231

   67 stmt: FOR MK_LPAREN assign_expr_list MK_SEMICOLON . relop_expr_list MK_SEMICOLON assign_expr_list MK_RPAREN stmt

    ID         偏移，並進入狀態 83
    CONST      偏移，並進入狀態 84
    OP_NOT     偏移，並進入狀態 85
    OP_MINUS   偏移，並進入狀態 86
    MK_LPAREN  偏移，並進入狀態 87

    $預設  使用規則 94 以縮減 (relop_expr_list)

    relop_expr                進入狀態 167
    relop_term                進入狀態 89
    relop_factor              進入狀態 90
    relop_expr_list           進入狀態 239
    nonempty_relop_expr_list  進入狀態 169
    expr                      進入狀態 91
    term                      進入狀態 92
    factor                    進入狀態 93
    var_ref                   進入狀態 94


狀態 232

   77 nonempty_assign_expr_list: nonempty_assign_expr_list MK_COMMA . assign_expr

    ID         偏移，並進入狀態 213
    CONST      偏移，並進入狀態 84
    OP_NOT     偏移，並進入狀態 85
    OP_MINUS   偏移，並進入狀態 86
    MK_LPAREN  偏移，並進入狀態 87

    assign_expr   進入狀態 240
    relop_expr    進入狀態 217
    relop_term    進入狀態 89
    relop_factor  進入狀態 90
    expr          進入狀態 91
    term          進入狀態 92
    factor        進入狀態 93
    var_ref       進入狀態 94


狀態 233

   68 stmt: var_ref OP_ASSIGN relop_expr MK_SEMICOLON .

    $預設  使用規則 68 以縮減 (stmt)


狀態 234

   19 dimfn1: MK_LB . expr MK_RB dimfn1

    ID         偏移，並進入狀態 83
    CONST      偏移，並進入狀態 84
    OP_NOT     偏移，並進入狀態 85
    OP_MINUS   偏移，並進入狀態 86
    MK_LPAREN  偏移，並進入狀態 87

    expr     進入狀態 241
    term     進入狀態 92
    factor   進入狀態 93
    var_ref  進入狀態 94


狀態 235

   18 dim_fn: MK_LB expr_null MK_RB dimfn1 .

    $預設  使用規則 18 以縮減 (dim_fn)


狀態 236

   70 stmt: IF MK_LPAREN relop_expr_list MK_RPAREN stmt .
   71     | IF MK_LPAREN relop_expr_list MK_RPAREN stmt . ELSE stmt

    ELSE  偏移，並進入狀態 242

    ELSE     [使用規則 70 以縮減 (stmt)]
    $預設  使用規則 70 以縮減 (stmt)


狀態 237

   66 stmt: WHILE MK_LPAREN relop_expr_list MK_RPAREN stmt .

    $預設  使用規則 66 以縮減 (stmt)


狀態 238

   79 assign_expr: ID OP_ASSIGN relop_expr .
   82 relop_expr: relop_expr . OP_OR relop_term

    OP_OR  偏移，並進入狀態 126

    $預設  使用規則 79 以縮減 (assign_expr)


狀態 239

   67 stmt: FOR MK_LPAREN assign_expr_list MK_SEMICOLON relop_expr_list . MK_SEMICOLON assign_expr_list MK_RPAREN stmt

    MK_SEMICOLON  偏移，並進入狀態 243


狀態 240

   77 nonempty_assign_expr_list: nonempty_assign_expr_list MK_COMMA assign_expr .

    $預設  使用規則 77 以縮減 (nonempty_assign_expr_list)


狀態 241

   19 dimfn1: MK_LB expr . MK_RB dimfn1
   97 expr: expr . add_op term

    OP_PLUS   偏移，並進入狀態 101
    OP_MINUS  偏移，並進入狀態 102
    MK_RB     偏移，並進入狀態 244

    add_op  進入狀態 135


狀態 242

   71 stmt: IF MK_LPAREN relop_expr_list MK_RPAREN stmt ELSE . stmt

    ID            偏移，並進入狀態 83
    CONST         偏移，並進入狀態 84
    IF            偏移，並進入狀態 150
    WHILE         偏移，並進入狀態 151
    FOR           偏移，並進入狀態 152
    OP_NOT        偏移，並進入狀態 85
    OP_MINUS      偏移，並進入狀態 86
    MK_LPAREN     偏移，並進入狀態 87
    MK_LBRACE     偏移，並進入狀態 153
    MK_SEMICOLON  偏移，並進入狀態 154
    RETURN        偏移，並進入狀態 155

    stmt          進入狀態 245
    relop_expr    進入狀態 160
    relop_term    進入狀態 89
    relop_factor  進入狀態 90
    expr          進入狀態 91
    term          進入狀態 92
    factor        進入狀態 93
    var_ref       進入狀態 161


狀態 243

   67 stmt: FOR MK_LPAREN assign_expr_list MK_SEMICOLON relop_expr_list MK_SEMICOLON . assign_expr_list MK_RPAREN stmt

    ID         偏移，並進入狀態 213
    CONST      偏移，並進入狀態 84
    OP_NOT     偏移，並進入狀態 85
    OP_MINUS   偏移，並進入狀態 86
    MK_LPAREN  偏移，並進入狀態 87

    $預設  使用規則 76 以縮減 (assign_expr_list)

    assign_expr_list           進入狀態 246
    nonempty_assign_expr_list  進入狀態 215
    assign_expr                進入狀態 216
    relop_expr                 進入狀態 217
    relop_term                 進入狀態 89
    relop_factor               進入狀態 90
    expr                       進入狀態 91
    term                       進入狀態 92
    factor                     進入狀態 93
    var_ref                    進入狀態 94


狀態 244

   19 dimfn1: MK_LB expr MK_RB . dimfn1

    MK_LB  偏移，並進入狀態 234

    $預設  使用規則 20 以縮減 (dimfn1)

    dimfn1  進入狀態 247


狀態 245

   71 stmt: IF MK_LPAREN relop_expr_list MK_RPAREN stmt ELSE stmt .

    $預設  使用規則 71 以縮減 (stmt)


狀態 246

   67 stmt: FOR MK_LPAREN assign_expr_list MK_SEMICOLON relop_expr_list MK_SEMICOLON assign_expr_list . MK_RPAREN stmt

    MK_RPAREN  偏移，並進入狀態 248


狀態 247

   19 dimfn1: MK_LB expr MK_RB dimfn1 .

    $預設  使用規則 19 以縮減 (dimfn1)


狀態 248

   67 stmt: FOR MK_LPAREN assign_expr_list MK_SEMICOLON relop_expr_list MK_SEMICOLON assign_expr_list MK_RPAREN . stmt

    ID            偏移，並進入狀態 83
    CONST         偏移，並進入狀態 84
    IF            偏移，並進入狀態 150
    WHILE         偏移，並進入狀態 151
    FOR           偏移，並進入狀態 152
    OP_NOT        偏移，並進入狀態 85
    OP_MINUS      偏移，並進入狀態 86
    MK_LPAREN     偏移，並進入狀態 87
    MK_LBRACE     偏移，並進入狀態 153
    MK_SEMICOLON  偏移，並進入狀態 154
    RETURN        偏移，並進入狀態 155

    stmt          進入狀態 249
    relop_expr    進入狀態 160
    relop_term    進入狀態 89
    relop_factor  進入狀態 90
    expr          進入狀態 91
    term          進入狀態 92
    factor        進入狀態 93
    var_ref       進入狀態 161


狀態 249

   67 stmt: FOR MK_LPAREN assign_expr_list MK_SEMICOLON relop_expr_list MK_SEMICOLON assign_expr_list MK_RPAREN stmt .

    $預設  使用規則 67 以縮減 (stmt)
